\BOOKMARK [1][-]{section.3}{\376\377\0001\000.\000\040\000I\000n\000t\000r\000o\000d\000u\000c\000t\000i\000o\000n\000\040\000a\000n\000d\000\040\000s\000u\000m\000m\000a\000r\000y}{}% 1
\BOOKMARK [2][-]{subsection.10}{\376\377\0001\000.\0001\000.\000\040\000S\000u\000m\000m\000a\000r\000y}{section.3}% 2
\BOOKMARK [2][-]{subsection.13}{\376\377\0001\000.\0002\000.\000\040\000C\000o\000n\000c\000l\000u\000s\000i\000o\000n}{section.3}% 3
\BOOKMARK [2][-]{subsection.14}{\376\377\0001\000.\0003\000.\000\040\000B\000a\000s\000i\000c\000\040\000n\000o\000t\000a\000t\000i\000o\000n\000s\000\040\000a\000n\000d\000\040\000r\000e\000m\000a\000r\000k\000s}{section.3}% 4
\BOOKMARK [2][-]{subsection.19}{\376\377\0001\000.\0004\000.\000\040\000A\000s\000s\000u\000m\000e\000d\000\040\000b\000a\000c\000k\000g\000r\000o\000u\000n\000d\000\040\000k\000n\000o\000w\000l\000e\000d\000g\000e}{section.3}% 5
\BOOKMARK [1][-]{section.21}{\376\377\0002\000.\000\040\000L\000i\000e\000\040\000g\000r\000o\000u\000p\000\040\000b\000u\000n\000d\000l\000e\000s\000\040\000\050\000L\000G\000B\000s\000\051}{}% 6
\BOOKMARK [2][-]{Item.25}{\376\377\0002\000.\0001\000.\000\040\000D\000e\000f\000i\000n\000i\000t\000i\000o\000n}{section.21}% 7
\BOOKMARK [2][-]{subsection.33}{\376\377\0002\000.\0002\000.\000\040\000A\000s\000s\000o\000c\000i\000a\000t\000e\000d\000\040\000L\000i\000e\000\040\000g\000r\000o\000u\000p\000\040\000b\000u\000n\000d\000l\000e\000s}{section.21}% 8
\BOOKMARK [1][-]{section.47}{\376\377\0003\000.\000\040\000L\000G\000B\000\040\000a\000c\000t\000i\000o\000n\000s\000,\000\040\000p\000a\000r\000t\000\040\000I}{}% 9
\BOOKMARK [2][-]{subsection.48}{\376\377\0003\000.\0001\000.\000\040\000D\000e\000f\000i\000n\000i\000t\000i\000o\000n}{section.47}% 10
\BOOKMARK [2][-]{subsection.68}{\376\377\0003\000.\0002\000.\000\040\000E\000x\000a\000m\000p\000l\000e\000s\000\040\000o\000f\000\040\000L\000G\000B\000\040\000a\000c\000t\000i\000o\000n\000s}{section.47}% 11
\BOOKMARK [1][-]{section.78}{\376\377\0004\000.\000\040\000L\000i\000e\000\040\000a\000l\000g\000e\000b\000r\000a\000\040\000b\000u\000n\000d\000l\000e\000s\000\040\000\050\000L\000A\000B\000s\000\051}{}% 12
\BOOKMARK [2][-]{subsection.79}{\376\377\0004\000.\0001\000.\000\040\000D\000e\000f\000i\000n\000i\000t\000i\000o\000n}{section.78}% 13
\BOOKMARK [2][-]{subsection.93}{\376\377\0004\000.\0002\000.\000\040\000F\000r\000o\000m\000\040\000L\000G\000B\000s\000\040\000t\000o\000\040\000L\000A\000B\000s}{section.78}% 14
\BOOKMARK [2][-]{subsection.111}{\376\377\0004\000.\0003\000.\000\040\000V\000e\000r\000t\000i\000c\000a\000l\000\040\000M\000a\000u\000r\000e\000r\000-\000C\000a\000r\000t\000a\000n\000\040\000f\000o\000r\000m\000\040\000o\000f\000\040\000L\000G\000B\000s}{section.78}% 15
\BOOKMARK [2][-]{subsection.117}{\376\377\0004\000.\0004\000.\000\040\000E\000x\000p\000o\000n\000e\000n\000t\000i\000a\000l\000\040\000m\000a\000p\000\040\000o\000f\000\040\000L\000G\000B\000s}{section.78}% 16
\BOOKMARK [2][-]{subsection.121}{\376\377\0004\000.\0005\000.\000\040\000L\000A\000B\000s\000\040\000o\000f\000\040\000p\000u\000l\000l\000b\000a\000c\000k\000\040\000L\000G\000B\000s}{section.78}% 17
\BOOKMARK [1][-]{section.125}{\376\377\0005\000.\000\040\000L\000G\000B\000\040\000a\000c\000t\000i\000o\000n\000s\000,\000\040\000p\000a\000r\000t\000\040\000I\000I}{}% 18
\BOOKMARK [2][-]{subsection.126}{\376\377\0005\000.\0001\000.\000\040\000L\000G\000B\000\040\000a\000n\000d\000\040\000L\000A\000B\000\040\000r\000e\000p\000r\000e\000s\000e\000n\000t\000a\000t\000i\000o\000n\000s}{section.125}% 19
\BOOKMARK [2][-]{subsection.147}{\376\377\0005\000.\0002\000.\000\040\000F\000u\000n\000d\000a\000m\000e\000n\000t\000a\000l\000\040\000v\000e\000c\000t\000o\000r\000\040\000f\000i\000e\000l\000d\000s}{section.125}% 20
\BOOKMARK [2][-]{theorem.152}{\376\377\0005\000.\0003\000.\000\040\000D\000i\000f\000f\000e\000r\000e\000n\000t\000i\000a\000l\000\040\000o\000f\000\040\000s\000m\000o\000o\000t\000h\000\040\000L\000G\000B\000\040\000a\000c\000t\000i\000o\000n\000s}{section.125}% 21
\BOOKMARK [1][-]{section.164}{\376\377\0006\000.\000\040\000C\000o\000n\000n\000e\000c\000t\000i\000o\000n\000s\000\040\000a\000n\000d\000\040\000c\000u\000r\000v\000a\000t\000u\000r\000e\000\040\000o\000n\000\040\000p\000r\000i\000n\000c\000i\000p\000a\000l\000\040\000L\000G\000B\000-\000b\000u\000n\000d\000l\000e\000s}{}% 22
\BOOKMARK [2][-]{subsection.165}{\376\377\0006\000.\0001\000.\000\040\000P\000r\000i\000n\000c\000i\000p\000a\000l\000\040\000b\000u\000n\000d\000l\000e\000s\000\040\000w\000i\000t\000h\000\040\000s\000t\000r\000u\000c\000t\000u\000r\000a\000l\000\040\000L\000G\000B}{section.164}% 23
\BOOKMARK [2][-]{subsection.200}{\376\377\0006\000.\0002\000.\000\040\000G\000e\000n\000e\000r\000a\000l\000i\000z\000e\000d\000\040\000d\000i\000s\000t\000r\000i\000b\000u\000t\000i\000o\000n\000s\000\040\000a\000n\000d\000\040\000c\000o\000n\000n\000e\000c\000t\000i\000o\000n\000s}{section.164}% 24
\BOOKMARK [2][-]{subsection.261}{\376\377\0006\000.\0003\000.\000\040\000G\000a\000u\000g\000e\000\040\000t\000r\000a\000n\000s\000f\000o\000r\000m\000a\000t\000i\000o\000n\000s}{section.164}% 25
\BOOKMARK [2][-]{subsection.278}{\376\377\0006\000.\0004\000.\000\040\000G\000e\000n\000e\000r\000a\000l\000i\000z\000e\000d\000\040\000c\000u\000r\000v\000a\000t\000u\000r\000e\000/\000f\000i\000e\000l\000d\000\040\000s\000t\000r\000e\000n\000g\000t\000h}{section.164}% 26
\BOOKMARK [1][-]{section.332}{\376\377\0007\000.\000\040\000C\000u\000r\000v\000e\000d\000\040\000Y\000a\000n\000g\000-\000M\000i\000l\000l\000s\000\040\000g\000a\000u\000g\000e\000\040\000t\000h\000e\000o\000r\000y}{}% 27
\BOOKMARK [2][-]{subsection.333}{\376\377\0007\000.\0001\000.\000\040\000D\000e\000f\000i\000n\000i\000t\000i\000o\000n\000\040\000a\000n\000d\000\040\000g\000a\000u\000g\000e\000\040\000i\000n\000v\000a\000r\000i\000a\000n\000c\000e}{section.332}% 28
\BOOKMARK [2][-]{subsection.338}{\376\377\0007\000.\0002\000.\000\040\000F\000i\000e\000l\000d\000\040\000r\000e\000d\000e\000f\000i\000n\000i\000t\000i\000o\000n\000s}{section.332}% 29
\BOOKMARK [2][-]{subsection.347}{\376\377\0007\000.\0003\000.\000\040\000E\000x\000a\000m\000p\000l\000e\000s}{section.332}% 30
\BOOKMARK [2][-]{subsection.358}{\376\377\0007\000.\0004\000.\000\040\000F\000u\000t\000u\000r\000e\000\040\000p\000r\000o\000s\000p\000e\000c\000t\000s}{section.332}% 31
\BOOKMARK [1][-]{section*.359}{\376\377\000L\000i\000s\000t\000\040\000o\000f\000\040\000R\000e\000f\000e\000r\000e\000n\000c\000e\000s}{}% 32
\BOOKMARK [1][-]{appendix.360}{\376\377\000A\000p\000p\000e\000n\000d\000i\000x\000\040\000A\000.\000\040\000D\000o\000u\000b\000l\000e\000\040\000t\000a\000n\000g\000e\000n\000t\000\040\000b\000u\000n\000d\000l\000e\000\040\000a\000n\000d\000\040\000i\000t\000s\000\040\000c\000a\000n\000o\000n\000i\000c\000a\000l\000\040\000f\000l\000i\000p\000\040\000m\000a\000p}{}% 33
